Reinitialized existing Git repository in /home/pi/printer_data/config/.git/
[main 5f20623] Backup_2023_02_05
 5 files changed, 78 insertions(+), 9 deletions(-)
GIT Repo adress: https://github.com/diySascha/I3A_klipper_backup
-------------------------------------------------
DONE with GIT upload script at 2023-02-05_10:44:42
-------------------------------------------------
-------------------------------------------------
START GIT upload script at 2023-02-05_10:49:24
-------------------------------------------------
origin	ssh://git@github.com/diySascha/I3A_klipper_backup.git (fetch)
origin	ssh://git@github.com/diySascha/I3A_klipper_backup.git (push)
origin	ssh://git@github.com/diySascha/I3A_klipper_backup.git (fetch)
origin	ssh://git@github.com/diySascha/I3A_klipper_backup.git (push)
Reinitialized existing Git repository in /home/pi/printer_data/config/.git/
[main 5a67341] Backup_2023_02_05
 5 files changed, 36 insertions(+), 15 deletions(-)
GIT Repo adress: https://github.com/diySascha/I3A_klipper_backup
-------------------------------------------------
DONE with GIT upload script at 2023-02-05_10:49:27
-------------------------------------------------
-------------------------------------------------
START GIT upload script at 2023-02-05_12:30:24
-------------------------------------------------
origin	ssh://git@github.com/diySascha/I3A_klipper_backup.git (fetch)
origin	ssh://git@github.com/diySascha/I3A_klipper_backup.git (push)
origin	ssh://git@github.com/diySascha/I3A_klipper_backup.git (fetch)
origin	ssh://git@github.com/diySascha/I3A_klipper_backup.git (push)
Reinitialized existing Git repository in /home/pi/printer_data/config/.git/
[main e2e8aa1] Backup_2023_02_05
 4 files changed, 35 insertions(+), 14 deletions(-)
GIT Repo adress: https://github.com/diySascha/I3A_klipper_backup
-------------------------------------------------
DONE with GIT upload script at 2023-02-05_12:30:27
-------------------------------------------------
-------------------------------------------------
START GIT upload script at 2023-02-05_16:14:48
-------------------------------------------------
origin	ssh://git@github.com/diySascha/I3A_klipper_backup.git (fetch)
origin	ssh://git@github.com/diySascha/I3A_klipper_backup.git (push)
origin	ssh://git@github.com/diySascha/I3A_klipper_backup.git (fetch)
origin	ssh://git@github.com/diySascha/I3A_klipper_backup.git (push)
Reinitialized existing Git repository in /home/pi/printer_data/config/.git/
[main b4657d0] Backup_2023_02_05
 7 files changed, 844 insertions(+), 48 deletions(-)
 create mode 100644 printer-20230205_161430.cfg
GIT Repo adress: https://github.com/diySascha/I3A_klipper_backup
-------------------------------------------------
DONE with GIT upload script at 2023-02-05_16:14:51
-------------------------------------------------
-------------------------------------------------
START GIT upload script at 2023-02-10_18:03:37
-------------------------------------------------
origin	ssh://git@github.com/diySascha/I3A_klipper_backup.git (fetch)
origin	ssh://git@github.com/diySascha/I3A_klipper_backup.git (push)
origin	ssh://git@github.com/diySascha/I3A_klipper_backup.git (fetch)
origin	ssh://git@github.com/diySascha/I3A_klipper_backup.git (push)
Reinitialized existing Git repository in /home/pi/printer_data/config/.git/
[main 70067e4] Backup_2023_02_10
 7 files changed, 401 insertions(+), 115 deletions(-)
 rename printer-20230205_161430.cfg => printer-20230209_233236.cfg (71%)
GIT Repo adress: https://github.com/diySascha/I3A_klipper_backup
-------------------------------------------------
DONE with GIT upload script at 2023-02-10_18:03:41
-------------------------------------------------
-------------------------------------------------
START GIT upload script at 2023-02-20_00:39:17
-------------------------------------------------
origin	ssh://git@github.com/diySascha/I3A_klipper_backup.git (fetch)
origin	ssh://git@github.com/diySascha/I3A_klipper_backup.git (push)
origin	ssh://git@github.com/diySascha/I3A_klipper_backup.git (fetch)
origin	ssh://git@github.com/diySascha/I3A_klipper_backup.git (push)
Reinitialized existing Git repository in /home/pi/printer_data/config/.git/
