-------------------------------------------------
-------------------------------------------------
START GIT upload script at 2023-01-29_15:21:00
-------------------------------------------------
To ssh://github.com/diySascha/I3A_klipper_backup.git
   9d4e2ef..ccc6733  main -> main
-------------------------------------------------
DONE with GIT upload script at 2023-01-29_15:21:03
-------------------------------------------------
-------------------------------------------------
START GIT upload script at 2023-02-05_10:42:47
-------------------------------------------------
To ssh://github.com/diySascha/I3A_klipper_backup.git
   ccc6733..b4bca48  main -> main
-------------------------------------------------
DONE with GIT upload script at 2023-02-05_10:42:50
-------------------------------------------------
-------------------------------------------------
START GIT upload script at 2023-02-05_10:44:40
-------------------------------------------------
To ssh://github.com/diySascha/I3A_klipper_backup.git
   b4bca48..5f20623  main -> main
-------------------------------------------------
DONE with GIT upload script at 2023-02-05_10:44:42
-------------------------------------------------
-------------------------------------------------
START GIT upload script at 2023-02-05_10:49:24
-------------------------------------------------
To ssh://github.com/diySascha/I3A_klipper_backup.git
   5f20623..5a67341  main -> main
-------------------------------------------------
DONE with GIT upload script at 2023-02-05_10:49:27
-------------------------------------------------
-------------------------------------------------
START GIT upload script at 2023-02-05_12:30:24
-------------------------------------------------
To ssh://github.com/diySascha/I3A_klipper_backup.git
   5a67341..e2e8aa1  main -> main
-------------------------------------------------
DONE with GIT upload script at 2023-02-05_12:30:27
-------------------------------------------------
-------------------------------------------------
START GIT upload script at 2023-02-05_16:14:48
-------------------------------------------------
To ssh://github.com/diySascha/I3A_klipper_backup.git
   e2e8aa1..b4657d0  main -> main
-------------------------------------------------
DONE with GIT upload script at 2023-02-05_16:14:51
-------------------------------------------------
-------------------------------------------------
START GIT upload script at 2023-02-10_18:03:37
-------------------------------------------------
To ssh://github.com/diySascha/I3A_klipper_backup.git
 + 28d1e99...70067e4 main -> main (forced update)
-------------------------------------------------
DONE with GIT upload script at 2023-02-10_18:03:41
-------------------------------------------------
-------------------------------------------------
START GIT upload script at 2023-02-20_00:39:17
-------------------------------------------------
To ssh://github.com/diySascha/I3A_klipper_backup.git
 + c7fce9d...b2921e5 main -> main (forced update)
-------------------------------------------------
DONE with GIT upload script at 2023-02-20_00:39:21
-------------------------------------------------
-------------------------------------------------
START GIT upload script at 2023-02-20_00:44:47
-------------------------------------------------
