  adding: config/.git/objects/ea/1e447d82cd11404ddb3eff108b0ce07b10e504 (stored 0%)
  adding: config/.git/objects/ce/ (stored 0%)
  adding: config/.git/objects/ce/6b9f0d01ee4a90334e9cf8135f202fdd4d57cf (stored 0%)
  adding: config/.git/objects/14/ (stored 0%)
  adding: config/.git/objects/14/f7699023b5651a1192dbeb9145bc24b1da2a2c (stored 0%)
  adding: config/.git/objects/81/ (stored 0%)
  adding: config/.git/objects/81/6efbad74556fcdd0a408b677c935bc746af117 (stored 0%)
  adding: config/.git/branches/ (stored 0%)
  adding: config/.git/description (deflated 14%)
  adding: config/.git/logs/ (stored 0%)
  adding: config/.git/logs/HEAD (deflated 89%)
  adding: config/.git/logs/refs/ (stored 0%)
  adding: config/.git/logs/refs/heads/ (stored 0%)
  adding: config/.git/logs/refs/heads/main (deflated 86%)
  adding: config/.git/logs/refs/remotes/ (stored 0%)
  adding: config/.git/logs/refs/remotes/origin/ (stored 0%)
  adding: config/.git/logs/refs/remotes/origin/main (deflated 27%)
  adding: config/.git/hooks/ (stored 0%)
  adding: config/.git/hooks/post-update.sample (deflated 27%)
  adding: config/.git/hooks/pre-rebase.sample (deflated 59%)
  adding: config/.git/hooks/push-to-checkout.sample (deflated 55%)
  adding: config/.git/hooks/prepare-commit-msg.sample (deflated 50%)
  adding: config/.git/hooks/pre-applypatch.sample (deflated 38%)
  adding: config/.git/hooks/fsmonitor-watchman.sample (deflated 62%)
  adding: config/.git/hooks/pre-push.sample (deflated 49%)
  adding: config/.git/hooks/commit-msg.sample (deflated 44%)
  adding: config/.git/hooks/applypatch-msg.sample (deflated 42%)
  adding: config/.git/hooks/pre-commit.sample (deflated 45%)
  adding: config/.git/hooks/update.sample (deflated 68%)
  adding: config/.git/hooks/pre-merge-commit.sample (deflated 39%)
  adding: config/.git/hooks/pre-receive.sample (deflated 40%)
  adding: config/.git/refs/ (stored 0%)
  adding: config/.git/refs/heads/ (stored 0%)
  adding: config/.git/refs/heads/main (stored 0%)
  adding: config/.git/refs/tags/ (stored 0%)
  adding: config/.git/refs/remotes/ (stored 0%)
  adding: config/.git/refs/remotes/origin/ (stored 0%)
  adding: config/.git/refs/remotes/origin/main (stored 0%)
  adding: config/.scripts/ (stored 0%)
  adding: config/.scripts/script_calc_res_y.sh (deflated 17%)
  adding: config/.scripts/script_calc_res_x_y.sh (deflated 52%)
  adding: config/.scripts/backup_NAS.sh (deflated 76%)
  adding: config/.scripts/backup_GIT.sh (deflated 88%)
  adding: config/.scripts/script_calc_res_x.sh (deflated 17%)
  adding: database/ (stored 0%)
  adding: database/data.mdb (deflated 91%)
  adding: database/lock.mdb (deflated 99%)
  adding: logs/ (stored 0%)
  adding: logs/mainsail-error.log (deflated 72%)
  adding: logs/moonraker.log.2023-01-22 (deflated 86%)
  adding: logs/crowsnest.log (deflated 96%)
  adding: logs/klippy.log.2023-01-20 (deflated 85%)
  adding: logs/klippy.log (deflated 91%)
  adding: logs/moonraker.log.2023-01-23 (deflated 91%)
  adding: logs/crowsnest.log.2023-01-24 (deflated 96%)
  adding: logs/moonraker.log (deflated 87%)
  adding: logs/klippy.log.2023-01-22 (deflated 89%)
  adding: logs/klippy.log.2023-01-23 (deflated 91%)
  adding: logs/telegram.log (deflated 98%)
  adding: logs/klippy.log.2023-01-19 (deflated 87%)
  adding: logs/klippy.log.2023-01-16 (deflated 90%)
  adding: logs/crowsnest.log.2023-01-23 (deflated 96%)
  adding: logs/mainsail-access.log (deflated 93%)
  adding: logs/KlipperScreen.log (deflated 92%)
  adding: logs/crowsnest.log.2023-01-22 (deflated 96%)
